[debug] [2024-03-30T13:05:50.488Z] ----------------------------------------------------------------------
[debug] [2024-03-30T13:05:50.490Z] Command:       C:\Program Files\nodejs\node.exe C:\Users\thili\AppData\Roaming\npm\node_modules\firebase-tools\lib\bin\firebase.js init functions
[debug] [2024-03-30T13:05:50.491Z] CLI Version:   13.6.0
[debug] [2024-03-30T13:05:50.491Z] Platform:      win32
[debug] [2024-03-30T13:05:50.491Z] Node Version:  v18.18.0
[debug] [2024-03-30T13:05:50.492Z] Time:          Sat Mar 30 2024 18:35:50 GMT+0530 (India Standard Time)
[debug] [2024-03-30T13:05:50.492Z] ----------------------------------------------------------------------
[debug] 
[debug] [2024-03-30T13:05:50.572Z] > command requires scopes: ["email","openid","https://www.googleapis.com/auth/cloudplatformprojects.readonly","https://www.googleapis.com/auth/firebase","https://www.googleapis.com/auth/cloud-platform"]
[debug] [2024-03-30T13:05:50.572Z] > authorizing via signed-in user (lasithherath00@gmail.com)
[info] 
     ######## #### ########  ######## ########     ###     ######  ########
     ##        ##  ##     ## ##       ##     ##  ##   ##  ##       ##
     ######    ##  ########  ######   ########  #########  ######  ######
     ##        ##  ##    ##  ##       ##     ## ##     ##       ## ##
     ##       #### ##     ## ######## ########  ##     ##  ######  ########

You're about to initialize a Firebase project in this directory:

  C:\Users\thili\Desktop\Wedding-Invitation-Template-Creator

Before we get started, keep in mind:

  * You are initializing within an existing Firebase project directory

[info] 
=== Project Setup
[info] 
[info] First, let's associate this project directory with a Firebase project.
[info] You can create multiple project aliases by running firebase use --add, 
[info] but for now we'll just set up a default project.
[info] 
[debug] [2024-03-30T13:05:53.875Z] Using project from CLI flag: wedding-invitation-creator
[debug] [2024-03-30T13:05:53.877Z] > refreshing access token with scopes: []
[debug] [2024-03-30T13:05:53.880Z] >>> [apiv2][query] POST https://www.googleapis.com/oauth2/v3/token [none]
[debug] [2024-03-30T13:05:53.880Z] >>> [apiv2][body] POST https://www.googleapis.com/oauth2/v3/token [omitted]
[debug] [2024-03-30T13:05:54.199Z] <<< [apiv2][status] POST https://www.googleapis.com/oauth2/v3/token 400
[debug] [2024-03-30T13:05:54.199Z] <<< [apiv2][body] POST https://www.googleapis.com/oauth2/v3/token [omitted]
[debug] [2024-03-30T13:05:54.200Z] >>> [apiv2][query] GET https://firebase.googleapis.com/v1beta1/projects/wedding-invitation-creator [none]
[debug] [2024-03-30T13:05:54.408Z] <<< [apiv2][status] GET https://firebase.googleapis.com/v1beta1/projects/wedding-invitation-creator 401
[debug] [2024-03-30T13:05:54.409Z] <<< [apiv2][body] GET https://firebase.googleapis.com/v1beta1/projects/wedding-invitation-creator {"error":{"code":401,"message":"Request had invalid authentication credentials. Expected OAuth 2 access token, login cookie or other valid authentication credential. See https://developers.google.com/identity/sign-in/web/devconsole-project.","status":"UNAUTHENTICATED"}}
[debug] [2024-03-30T13:05:54.409Z] HTTP Error: 401, Request had invalid authentication credentials. Expected OAuth 2 access token, login cookie or other valid authentication credential. See https://developers.google.com/identity/sign-in/web/devconsole-project.
[debug] [2024-03-30T13:05:54.600Z] FirebaseError: HTTP Error: 401, Request had invalid authentication credentials. Expected OAuth 2 access token, login cookie or other valid authentication credential. See https://developers.google.com/identity/sign-in/web/devconsole-project.
    at responseToError (C:\Users\thili\AppData\Roaming\npm\node_modules\firebase-tools\lib\responseToError.js:49:12)
    at RetryOperation._fn (C:\Users\thili\AppData\Roaming\npm\node_modules\firebase-tools\lib\apiv2.js:299:77)
    at process.processTicksAndRejections (node:internal/process/task_queues:95:5)
[error] 
[error] Error: Failed to get Firebase project wedding-invitation-creator. Please make sure the project exists and your account has permission to access it.
[debug] [2024-03-30T13:06:05.257Z] ----------------------------------------------------------------------
[debug] [2024-03-30T13:06:05.259Z] Command:       C:\Program Files\nodejs\node.exe C:\Users\thili\AppData\Roaming\npm\node_modules\firebase-tools\lib\bin\firebase.js init functions
[debug] [2024-03-30T13:06:05.259Z] CLI Version:   13.6.0
[debug] [2024-03-30T13:06:05.260Z] Platform:      win32
[debug] [2024-03-30T13:06:05.260Z] Node Version:  v18.18.0
[debug] [2024-03-30T13:06:05.261Z] Time:          Sat Mar 30 2024 18:36:05 GMT+0530 (India Standard Time)
[debug] [2024-03-30T13:06:05.261Z] ----------------------------------------------------------------------
[debug] 
[debug] [2024-03-30T13:06:05.334Z] > command requires scopes: ["email","openid","https://www.googleapis.com/auth/cloudplatformprojects.readonly","https://www.googleapis.com/auth/firebase","https://www.googleapis.com/auth/cloud-platform"]
[debug] [2024-03-30T13:06:05.334Z] > authorizing via signed-in user (lasithherath00@gmail.com)
[info] 
     ######## #### ########  ######## ########     ###     ######  ########
     ##        ##  ##     ## ##       ##     ##  ##   ##  ##       ##
     ######    ##  ########  ######   ########  #########  ######  ######
     ##        ##  ##    ##  ##       ##     ## ##     ##       ## ##
     ##       #### ##     ## ######## ########  ##     ##  ######  ########

You're about to initialize a Firebase project in this directory:

  C:\Users\thili\Desktop\Wedding-Invitation-Template-Creator

Before we get started, keep in mind:

  * You are initializing within an existing Firebase project directory

[info] 
=== Project Setup
[info] 
[info] First, let's associate this project directory with a Firebase project.
[info] You can create multiple project aliases by running firebase use --add, 
[info] but for now we'll just set up a default project.
[info] 
[debug] [2024-03-30T13:06:14.314Z] Using project from CLI flag: wedding-invitation-creator
[debug] [2024-03-30T13:06:14.315Z] > refreshing access token with scopes: []
[debug] [2024-03-30T13:06:14.319Z] >>> [apiv2][query] POST https://www.googleapis.com/oauth2/v3/token [none]
[debug] [2024-03-30T13:06:14.319Z] >>> [apiv2][body] POST https://www.googleapis.com/oauth2/v3/token [omitted]
[debug] [2024-03-30T13:06:14.574Z] <<< [apiv2][status] POST https://www.googleapis.com/oauth2/v3/token 400
[debug] [2024-03-30T13:06:14.574Z] <<< [apiv2][body] POST https://www.googleapis.com/oauth2/v3/token [omitted]
[debug] [2024-03-30T13:06:14.575Z] >>> [apiv2][query] GET https://firebase.googleapis.com/v1beta1/projects/wedding-invitation-creator [none]
[debug] [2024-03-30T13:06:15.037Z] <<< [apiv2][status] GET https://firebase.googleapis.com/v1beta1/projects/wedding-invitation-creator 401
[debug] [2024-03-30T13:06:15.037Z] <<< [apiv2][body] GET https://firebase.googleapis.com/v1beta1/projects/wedding-invitation-creator {"error":{"code":401,"message":"Request had invalid authentication credentials. Expected OAuth 2 access token, login cookie or other valid authentication credential. See https://developers.google.com/identity/sign-in/web/devconsole-project.","status":"UNAUTHENTICATED"}}
[debug] [2024-03-30T13:06:15.038Z] HTTP Error: 401, Request had invalid authentication credentials. Expected OAuth 2 access token, login cookie or other valid authentication credential. See https://developers.google.com/identity/sign-in/web/devconsole-project.
[debug] [2024-03-30T13:06:15.201Z] FirebaseError: HTTP Error: 401, Request had invalid authentication credentials. Expected OAuth 2 access token, login cookie or other valid authentication credential. See https://developers.google.com/identity/sign-in/web/devconsole-project.
    at responseToError (C:\Users\thili\AppData\Roaming\npm\node_modules\firebase-tools\lib\responseToError.js:49:12)
    at RetryOperation._fn (C:\Users\thili\AppData\Roaming\npm\node_modules\firebase-tools\lib\apiv2.js:299:77)
    at process.processTicksAndRejections (node:internal/process/task_queues:95:5)
[error] 
[error] Error: Failed to get Firebase project wedding-invitation-creator. Please make sure the project exists and your account has permission to access it.
